# JRE version: OpenJDK Runtime Environment Temurin-21.0.8+9 (21.0.8+9) (build 21.0.8+9-LTS)
# Java VM: OpenJDK 64-Bit Server VM Temurin-21.0.8+9 (21.0.8+9-LTS, mixed mode, sharing, tiered, compressed oops, compressed class ptrs, parallel gc, windows-amd64)
GC Precious Log:
 CardTable entry size: 512
 CPUs: 12 total, 12 available
 Memory: 7518M
 Large Page Support: Disabled
 NUMA Support: Disabled
 Compressed Oops: Enabled (32-bit)
 Alignments: Space 512K, Generation 512K, Heap 2M
 Heap Min Capacity: 100M
 Heap Initial Capacity: 100M
 Heap Max Capacity: 2G
 Pre-touch: Disabled
 Parallel Workers: 10
Heap:
 PSYoungGen      total 6144K, used 2432K [0x00000000d5580000, 0x00000000d5c80000, 0x0000000100000000)
  eden space 5120K, 28% used [0x00000000d5580000,0x00000000d56e8820,0x00000000d5a80000)
  from space 1024K, 99% used [0x00000000d5b80000,0x00000000d5c7da30,0x00000000d5c80000)
  to   space 1024K, 0% used [0x00000000d5a80000,0x00000000d5a80000,0x00000000d5b80000)
 ParOldGen       total 819712K, used 819650K [0x0000000080000000, 0x00000000b2080000, 0x00000000d5580000)
  object space 819712K, 99% used [0x0000000080000000,0x00000000b2070b20,0x00000000b2080000)
 Metaspace       used 73513K, committed 75008K, reserved 1179648K
  class space    used 7903K, committed 8512K, reserved 1048576K
GC Heap History (20 events):
Event: 61.876 GC heap before
{Heap before GC invocations=1020 (full 3):
 PSYoungGen      total 4608K, used 4536K [0x00000000d5580000, 0x00000000d5c80000, 0x0000000100000000)
  eden space 3584K, 98% used [0x00000000d5580000,0x00000000d58f55e8,0x00000000d5900000)
  from space 1024K, 97% used [0x00000000d5a80000,0x00000000d5b78bd0,0x00000000d5b80000)
  to   space 1536K, 0% used [0x00000000d5900000,0x00000000d5900000,0x00000000d5a80000)
 ParOldGen       total 817152K, used 816742K [0x0000000080000000, 0x00000000b1e00000, 0x00000000d5580000)
  object space 817152K, 99% used [0x0000000080000000,0x00000000b1d99858,0x00000000b1e00000)
 Metaspace       used 71057K, committed 72512K, reserved 1114112K
  class space    used 7663K, committed 8256K, reserved 1048576K
}
Event: 61.879 GC heap after
{Heap after GC invocations=1020 (full 3):
 PSYoungGen      total 5120K, used 331K [0x00000000d5580000, 0x00000000d5c00000, 0x0000000100000000)
  eden space 3584K, 0% used [0x00000000d5580000,0x00000000d5580000,0x00000000d5900000)
  from space 1536K, 21% used [0x00000000d5900000,0x00000000d5952e18,0x00000000d5a80000)
  to   space 1024K, 0% used [0x00000000d5b00000,0x00000000d5b00000,0x00000000d5c00000)
 ParOldGen       total 817664K, used 817599K [0x0000000080000000, 0x00000000b1e80000, 0x00000000d5580000)
  object space 817664K, 99% used [0x0000000080000000,0x00000000b1e6fd28,0x00000000b1e80000)
 Metaspace       used 71057K, committed 72512K, reserved 1114112K
  class space    used 7663K, committed 8256K, reserved 1048576K
}
Event: 61.904 GC heap before
{Heap before GC invocations=1021 (full 3):
 PSYoungGen      total 5120K, used 3915K [0x00000000d5580000, 0x00000000d5c00000, 0x0000000100000000)
  eden space 3584K, 100% used [0x00000000d5580000,0x00000000d5900000,0x00000000d5900000)
  from space 1536K, 21% used [0x00000000d5900000,0x00000000d5952e18,0x00000000d5a80000)
  to   space 1024K, 0% used [0x00000000d5b00000,0x00000000d5b00000,0x00000000d5c00000)
 ParOldGen       total 817664K, used 817599K [0x0000000080000000, 0x00000000b1e80000, 0x00000000d5580000)
  object space 817664K, 99% used [0x0000000080000000,0x00000000b1e6fd28,0x00000000b1e80000)
 Metaspace       used 71066K, committed 72512K, reserved 1114112K
  class space    used 7663K, committed 8256K, reserved 1048576K
}
Event: 61.907 GC heap after
{Heap after GC invocations=1021 (full 3):
 PSYoungGen      total 5120K, used 1001K [0x00000000d5580000, 0x00000000d5d00000, 0x0000000100000000)
  eden space 4096K, 0% used [0x00000000d5580000,0x00000000d5580000,0x00000000d5980000)
  from space 1024K, 97% used [0x00000000d5b00000,0x00000000d5bfa620,0x00000000d5c00000)
  to   space 1536K, 0% used [0x00000000d5980000,0x00000000d5980000,0x00000000d5b00000)
 ParOldGen       total 817664K, used 817607K [0x0000000080000000, 0x00000000b1e80000, 0x00000000d5580000)
  object space 817664K, 99% used [0x0000000080000000,0x00000000b1e71d28,0x00000000b1e80000)
 Metaspace       used 71066K, committed 72512K, reserved 1114112K
  class space    used 7663K, committed 8256K, reserved 1048576K
}
Event: 61.941 GC heap before
{Heap before GC invocations=1022 (full 3):
 PSYoungGen      total 5120K, used 4937K [0x00000000d5580000, 0x00000000d5d00000, 0x0000000100000000)
  eden space 4096K, 96% used [0x00000000d5580000,0x00000000d5957f38,0x00000000d5980000)
  from space 1024K, 97% used [0x00000000d5b00000,0x00000000d5bfa620,0x00000000d5c00000)
  to   space 1536K, 0% used [0x00000000d5980000,0x00000000d5980000,0x00000000d5b00000)
 ParOldGen       total 817664K, used 817607K [0x0000000080000000, 0x00000000b1e80000, 0x00000000d5580000)
  object space 817664K, 99% used [0x0000000080000000,0x00000000b1e71d28,0x00000000b1e80000)
 Metaspace       used 71072K, committed 72512K, reserved 1114112K
  class space    used 7663K, committed 8256K, reserved 1048576K
}
Event: 61.945 GC heap after
{Heap after GC invocations=1022 (full 3):
 PSYoungGen      total 5632K, used 1381K [0x00000000d5580000, 0x00000000d5c80000, 0x0000000100000000)
  eden space 4096K, 0% used [0x00000000d5580000,0x00000000d5580000,0x00000000d5980000)
  from space 1536K, 89% used [0x00000000d5980000,0x00000000d5ad9538,0x00000000d5b00000)
  to   space 1536K, 0% used [0x00000000d5b00000,0x00000000d5b00000,0x00000000d5c80000)
 ParOldGen       total 817664K, used 817647K [0x0000000080000000, 0x00000000b1e80000, 0x00000000d5580000)
  object space 817664K, 99% used [0x0000000080000000,0x00000000b1e7bd28,0x00000000b1e80000)
 Metaspace       used 71072K, committed 72512K, reserved 1114112K
  class space    used 7663K, committed 8256K, reserved 1048576K
}
Event: 61.952 GC heap before
{Heap before GC invocations=1023 (full 3):
 PSYoungGen      total 5632K, used 5477K [0x00000000d5580000, 0x00000000d5c80000, 0x0000000100000000)
  eden space 4096K, 100% used [0x00000000d5580000,0x00000000d5980000,0x00000000d5980000)
  from space 1536K, 89% used [0x00000000d5980000,0x00000000d5ad9538,0x00000000d5b00000)
  to   space 1536K, 0% used [0x00000000d5b00000,0x00000000d5b00000,0x00000000d5c80000)
 ParOldGen       total 817664K, used 817647K [0x0000000080000000, 0x00000000b1e80000, 0x00000000d5580000)
  object space 817664K, 99% used [0x0000000080000000,0x00000000b1e7bd28,0x00000000b1e80000)
 Metaspace       used 71073K, committed 72512K, reserved 1114112K
  class space    used 7663K, committed 8256K, reserved 1048576K
}
Event: 61.956 GC heap after
{Heap after GC invocations=1023 (full 3):
 PSYoungGen      total 5632K, used 1136K [0x00000000d5580000, 0x00000000d5d80000, 0x0000000100000000)
  eden space 4096K, 0% used [0x00000000d5580000,0x00000000d5580000,0x00000000d5980000)
  from space 1536K, 74% used [0x00000000d5b00000,0x00000000d5c1c3f0,0x00000000d5c80000)
  to   space 1536K, 0% used [0x00000000d5980000,0x00000000d5980000,0x00000000d5b00000)
 ParOldGen       total 818176K, used 817671K [0x0000000080000000, 0x00000000b1f00000, 0x00000000d5580000)
  object space 818176K, 99% used [0x0000000080000000,0x00000000b1e81d28,0x00000000b1f00000)
 Metaspace       used 71073K, committed 72512K, reserved 1114112K
  class space    used 7663K, committed 8256K, reserved 1048576K
}
Event: 61.965 GC heap before
{Heap before GC invocations=1024 (full 3):
 PSYoungGen      total 5632K, used 5232K [0x00000000d5580000, 0x00000000d5d80000, 0x0000000100000000)
  eden space 4096K, 100% used [0x00000000d5580000,0x00000000d5980000,0x00000000d5980000)
  from space 1536K, 74% used [0x00000000d5b00000,0x00000000d5c1c3f0,0x00000000d5c80000)
  to   space 1536K, 0% used [0x00000000d5980000,0x00000000d5980000,0x00000000d5b00000)
 ParOldGen       total 818176K, used 817671K [0x0000000080000000, 0x00000000b1f00000, 0x00000000d5580000)
  object space 818176K, 99% used [0x0000000080000000,0x00000000b1e81d28,0x00000000b1f00000)
 Metaspace       used 71073K, committed 72512K, reserved 1114112K
  class space    used 7663K, committed 8256K, reserved 1048576K
}
Event: 61.968 GC heap after
{Heap after GC invocations=1024 (full 3):
 PSYoungGen      total 5632K, used 1291K [0x00000000d5580000, 0x00000000d5d80000, 0x0000000100000000)
  eden space 4096K, 0% used [0x00000000d5580000,0x00000000d5580000,0x00000000d5980000)
  from space 1536K, 84% used [0x00000000d5980000,0x00000000d5ac2e28,0x00000000d5b00000)
  to   space 1536K, 0% used [0x00000000d5c00000,0x00000000d5c00000,0x00000000d5d80000)
 ParOldGen       total 818176K, used 817671K [0x0000000080000000, 0x00000000b1f00000, 0x00000000d5580000)
  object space 818176K, 99% used [0x0000000080000000,0x00000000b1e81d28,0x00000000b1f00000)
 Metaspace       used 71073K, committed 72512K, reserved 1114112K
  class space    used 7663K, committed 8256K, reserved 1048576K
}
Event: 61.976 GC heap before
{Heap before GC invocations=1025 (full 3):
 PSYoungGen      total 5632K, used 5339K [0x00000000d5580000, 0x00000000d5d80000, 0x0000000100000000)
  eden space 4096K, 98% used [0x00000000d5580000,0x00000000d59741c8,0x00000000d5980000)
  from space 1536K, 84% used [0x00000000d5980000,0x00000000d5ac2e28,0x00000000d5b00000)
  to   space 1536K, 0% used [0x00000000d5c00000,0x00000000d5c00000,0x00000000d5d80000)
 ParOldGen       total 818176K, used 817671K [0x0000000080000000, 0x00000000b1f00000, 0x00000000d5580000)
  object space 818176K, 99% used [0x0000000080000000,0x00000000b1e81d28,0x00000000b1f00000)
 Metaspace       used 71076K, committed 72512K, reserved 1114112K
  class space    used 7663K, committed 8256K, reserved 1048576K
}
Event: 61.979 GC heap after
{Heap after GC invocations=1025 (full 3):
 PSYoungGen      total 6144K, used 674K [0x00000000d5580000, 0x00000000d5d00000, 0x0000000100000000)
  eden space 5120K, 0% used [0x00000000d5580000,0x00000000d5580000,0x00000000d5a80000)
  from space 1024K, 65% used [0x00000000d5c00000,0x00000000d5ca8af8,0x00000000d5d00000)
  to   space 1024K, 0% used [0x00000000d5b00000,0x00000000d5b00000,0x00000000d5c00000)
 ParOldGen       total 818176K, used 817671K [0x0000000080000000, 0x00000000b1f00000, 0x00000000d5580000)
  object space 818176K, 99% used [0x0000000080000000,0x00000000b1e81d28,0x00000000b1f00000)
 Metaspace       used 71076K, committed 72512K, reserved 1114112K
  class space    used 7663K, committed 8256K, reserved 1048576K
}
Event: 62.013 GC heap before
{Heap before GC invocations=1026 (full 3):
 PSYoungGen      total 6144K, used 5794K [0x00000000d5580000, 0x00000000d5d00000, 0x0000000100000000)
  eden space 5120K, 100% used [0x00000000d5580000,0x00000000d5a80000,0x00000000d5a80000)
  from space 1024K, 65% used [0x00000000d5c00000,0x00000000d5ca8af8,0x00000000d5d00000)
  to   space 1024K, 0% used [0x00000000d5b00000,0x00000000d5b00000,0x00000000d5c00000)
 ParOldGen       total 818176K, used 817671K [0x0000000080000000, 0x00000000b1f00000, 0x00000000d5580000)
  object space 818176K, 99% used [0x0000000080000000,0x00000000b1e81d28,0x00000000b1f00000)
 Metaspace       used 71322K, committed 72832K, reserved 1114112K
  class space    used 7678K, committed 8320K, reserved 1048576K
}
Event: 62.016 GC heap after
{Heap after GC invocations=1026 (full 3):
 PSYoungGen      total 6144K, used 256K [0x00000000d5580000, 0x00000000d5c80000, 0x0000000100000000)
  eden space 5120K, 0% used [0x00000000d5580000,0x00000000d5580000,0x00000000d5a80000)
  from space 1024K, 25% used [0x00000000d5b00000,0x00000000d5b40000,0x00000000d5c00000)
  to   space 512K, 0% used [0x00000000d5c00000,0x00000000d5c00000,0x00000000d5c80000)
 ParOldGen       total 818176K, used 817671K [0x0000000080000000, 0x00000000b1f00000, 0x00000000d5580000)
  object space 818176K, 99% used [0x0000000080000000,0x00000000b1e81d28,0x00000000b1f00000)
 Metaspace       used 71322K, committed 72832K, reserved 1114112K
  class space    used 7678K, committed 8320K, reserved 1048576K
}
Event: 62.115 GC heap before
{Heap before GC invocations=1027 (full 3):
 PSYoungGen      total 6144K, used 5376K [0x00000000d5580000, 0x00000000d5c80000, 0x0000000100000000)
  eden space 5120K, 100% used [0x00000000d5580000,0x00000000d5a80000,0x00000000d5a80000)
  from space 1024K, 25% used [0x00000000d5b00000,0x00000000d5b40000,0x00000000d5c00000)
  to   space 512K, 0% used [0x00000000d5c00000,0x00000000d5c00000,0x00000000d5c80000)
 ParOldGen       total 818176K, used 817671K [0x0000000080000000, 0x00000000b1f00000, 0x00000000d5580000)
  object space 818176K, 99% used [0x0000000080000000,0x00000000b1e81d28,0x00000000b1f00000)
 Metaspace       used 72255K, committed 73728K, reserved 1114112K
  class space    used 7764K, committed 8384K, reserved 1048576K
}
Event: 62.118 GC heap after
{Heap after GC invocations=1027 (full 3):
 PSYoungGen      total 5632K, used 288K [0x00000000d5580000, 0x00000000d5c80000, 0x0000000100000000)
  eden space 5120K, 0% used [0x00000000d5580000,0x00000000d5580000,0x00000000d5a80000)
  from space 512K, 56% used [0x00000000d5c00000,0x00000000d5c48000,0x00000000d5c80000)
  to   space 512K, 0% used [0x00000000d5b80000,0x00000000d5b80000,0x00000000d5c00000)
 ParOldGen       total 818176K, used 817703K [0x0000000080000000, 0x00000000b1f00000, 0x00000000d5580000)
  object space 818176K, 99% used [0x0000000080000000,0x00000000b1e89d28,0x00000000b1f00000)
 Metaspace       used 72255K, committed 73728K, reserved 1114112K
  class space    used 7764K, committed 8384K, reserved 1048576K
}
Event: 62.168 GC heap before
{Heap before GC invocations=1028 (full 3):
 PSYoungGen      total 5632K, used 5406K [0x00000000d5580000, 0x00000000d5c80000, 0x0000000100000000)
  eden space 5120K, 99% used [0x00000000d5580000,0x00000000d5a7fb20,0x00000000d5a80000)
  from space 512K, 56% used [0x00000000d5c00000,0x00000000d5c48000,0x00000000d5c80000)
  to   space 512K, 0% used [0x00000000d5b80000,0x00000000d5b80000,0x00000000d5c00000)
 ParOldGen       total 818176K, used 817703K [0x0000000080000000, 0x00000000b1f00000, 0x00000000d5580000)
  object space 818176K, 99% used [0x0000000080000000,0x00000000b1e89d28,0x00000000b1f00000)
 Metaspace       used 72796K, committed 74304K, reserved 1179648K
  class space    used 7820K, committed 8448K, reserved 1048576K
}
Event: 62.172 GC heap after
{Heap after GC invocations=1028 (full 3):
 PSYoungGen      total 5632K, used 506K [0x00000000d5580000, 0x00000000d5c80000, 0x0000000100000000)
  eden space 5120K, 0% used [0x00000000d5580000,0x00000000d5580000,0x00000000d5a80000)
  from space 512K, 98% used [0x00000000d5b80000,0x00000000d5bfe900,0x00000000d5c00000)
  to   space 512K, 0% used [0x00000000d5c00000,0x00000000d5c00000,0x00000000d5c80000)
 ParOldGen       total 818176K, used 817915K [0x0000000080000000, 0x00000000b1f00000, 0x00000000d5580000)
  object space 818176K, 99% used [0x0000000080000000,0x00000000b1ebefb0,0x00000000b1f00000)
 Metaspace       used 72796K, committed 74304K, reserved 1179648K
  class space    used 7820K, committed 8448K, reserved 1048576K
}
Event: 62.203 GC heap before
{Heap before GC invocations=1029 (full 3):
 PSYoungGen      total 5632K, used 5626K [0x00000000d5580000, 0x00000000d5c80000, 0x0000000100000000)
  eden space 5120K, 100% used [0x00000000d5580000,0x00000000d5a80000,0x00000000d5a80000)
  from space 512K, 98% used [0x00000000d5b80000,0x00000000d5bfe900,0x00000000d5c00000)
  to   space 512K, 0% used [0x00000000d5c00000,0x00000000d5c00000,0x00000000d5c80000)
 ParOldGen       total 818176K, used 817915K [0x0000000080000000, 0x00000000b1f00000, 0x00000000d5580000)
  object space 818176K, 99% used [0x0000000080000000,0x00000000b1ebefb0,0x00000000b1f00000)
 Metaspace       used 73078K, committed 74560K, reserved 1179648K
  class space    used 7841K, committed 8448K, reserved 1048576K
}
Event: 62.206 GC heap after
{Heap after GC invocations=1029 (full 3):
 PSYoungGen      total 5632K, used 436K [0x00000000d5580000, 0x00000000d5c80000, 0x0000000100000000)
  eden space 5120K, 0% used [0x00000000d5580000,0x00000000d5580000,0x00000000d5a80000)
  from space 512K, 85% used [0x00000000d5c00000,0x00000000d5c6d200,0x00000000d5c80000)
  to   space 1024K, 0% used [0x00000000d5a80000,0x00000000d5a80000,0x00000000d5b80000)
 ParOldGen       total 818688K, used 818385K [0x0000000080000000, 0x00000000b1f80000, 0x00000000d5580000)
  object space 818688K, 99% used [0x0000000080000000,0x00000000b1f34648,0x00000000b1f80000)
 Metaspace       used 73078K, committed 74560K, reserved 1179648K
  class space    used 7841K, committed 8448K, reserved 1048576K
}

